[debug] [2025-02-14T19:40:45.331Z] ----------------------------------------------------------------------
[debug] [2025-02-14T19:40:45.353Z] Command:       /Users/emperor/.nvm/versions/node/v20.5.0/bin/node /Users/emperor/.nvm/versions/node/v20.5.0/bin/firebase init
[debug] [2025-02-14T19:40:45.354Z] CLI Version:   13.31.1
[debug] [2025-02-14T19:40:45.354Z] Platform:      darwin
[debug] [2025-02-14T19:40:45.355Z] Node Version:  v20.5.0
[debug] [2025-02-14T19:40:45.355Z] Time:          Fri Feb 14 2025 14:40:45 GMT-0500 (Eastern Standard Time)
[debug] [2025-02-14T19:40:45.355Z] ----------------------------------------------------------------------
[debug] 
[debug] [2025-02-14T19:40:45.365Z] > command requires scopes: ["email","openid","https://www.googleapis.com/auth/cloudplatformprojects.readonly","https://www.googleapis.com/auth/firebase","https://www.googleapis.com/auth/cloud-platform"]
[debug] [2025-02-14T19:40:45.366Z] > authorizing via signed-in user (aimmalikmo@gmail.com)
[info] 
     ######## #### ########  ######## ########     ###     ######  ########
     ##        ##  ##     ## ##       ##     ##  ##   ##  ##       ##
     ######    ##  ########  ######   ########  #########  ######  ######
     ##        ##  ##    ##  ##       ##     ## ##     ##       ## ##
     ##       #### ##     ## ######## ########  ##     ##  ######  ########

You're about to initialize a Firebase project in this directory:

  /Users/emperor/Desktop/Abubakr/LandingPage/landing-page

[info] 
=== Project Setup
[info] 
[info] First, let's associate this project directory with a Firebase project.
[info] You can create multiple project aliases by running firebase use --add, 
[info] but for now we'll just set up a default project.
[info] 
[debug] [2025-02-14T19:41:30.378Z] Checked if tokens are valid: true, expires at: 1739565627293
[debug] [2025-02-14T19:41:30.379Z] Checked if tokens are valid: true, expires at: 1739565627293
[debug] [2025-02-14T19:41:30.383Z] >>> [apiv2][query] GET https://firebase.googleapis.com/v1beta1/projects pageSize=100
[debug] [2025-02-14T19:41:30.786Z] <<< [apiv2][status] GET https://firebase.googleapis.com/v1beta1/projects 200
[debug] [2025-02-14T19:41:30.786Z] <<< [apiv2][body] GET https://firebase.googleapis.com/v1beta1/projects [omitted]
[info] i  Using project af-landingpage (AF Landing Page) 
[info] 
=== Hosting Setup
[debug] [2025-02-14T19:41:33.785Z] Checked if tokens are valid: true, expires at: 1739565627293
[debug] [2025-02-14T19:41:33.786Z] Checked if tokens are valid: true, expires at: 1739565627293
[debug] [2025-02-14T19:41:33.786Z] >>> [apiv2][query] GET https://firebase.googleapis.com/v1beta1/projects/af-landingpage [none]
[debug] [2025-02-14T19:41:34.130Z] <<< [apiv2][status] GET https://firebase.googleapis.com/v1beta1/projects/af-landingpage 200
[debug] [2025-02-14T19:41:34.131Z] <<< [apiv2][body] GET https://firebase.googleapis.com/v1beta1/projects/af-landingpage {"projectId":"af-landingpage","projectNumber":"645729592283","displayName":"AF Landing Page","name":"projects/af-landingpage","resources":{"hostingSite":"af-landingpage"},"state":"ACTIVE","etag":"1_47df6956-07ca-4a5d-8148-c4a8451576eb"}
[info] 
[info] Your public directory is the folder (relative to your project directory) that
[info] will contain Hosting assets to be uploaded with firebase deploy. If you
[info] have a build process for your assets, use your build's output directory.
[info] 
[info] ✔  Wrote public/404.html 
[debug] [2025-02-14T19:45:31.987Z] >>> [apiv2][query] GET https://www.gstatic.com/firebasejs/releases.json [none]
[debug] [2025-02-14T19:45:32.096Z] <<< [apiv2][status] GET https://www.gstatic.com/firebasejs/releases.json 200
[debug] [2025-02-14T19:45:32.096Z] <<< [apiv2][body] GET https://www.gstatic.com/firebasejs/releases.json {"current":{"version":"11.3.1","browserURL":"https://www.gstatic.com/firebasejs/11.3.1/firebase.js","packageURL":"https://www.gstatic.com/firebasejs/11.3.1/firebase.tgz"},"live":{"version":"11.3","browserURL":"https://www.gstatic.com/firebasejs/live/11.3/firebase.js","packageURL":"https://www.gstatic.com/firebasejs/live/11.3/firebase.tgz"},"components":{"analytics":"https://www.gstatic.com/firebasejs/11.3.1/firebase-analytics.js","app":"https://www.gstatic.com/firebasejs/11.3.1/firebase-app.js","app-check":"https://www.gstatic.com/firebasejs/11.3.1/firebase-app-check.js","auth":"https://www.gstatic.com/firebasejs/11.3.1/firebase-auth.js","auth/cordova":"https://www.gstatic.com/firebasejs/11.3.1/firebase-auth/cordova.js","auth/web-extension":"https://www.gstatic.com/firebasejs/11.3.1/firebase-auth/web-extension.js","functions":"https://www.gstatic.com/firebasejs/11.3.1/firebase-functions.js","firestore":"https://www.gstatic.com/firebasejs/11.3.1/firebase-firestore.js","firestore/lite":"https://www.gstatic.com/firebasejs/11.3.1/firebase-firestore/lite.js","installations":"https://www.gstatic.com/firebasejs/11.3.1/firebase-installations.js","storage":"https://www.gstatic.com/firebasejs/11.3.1/firebase-storage.js","performance":"https://www.gstatic.com/firebasejs/11.3.1/firebase-performance.js","remote-config":"https://www.gstatic.com/firebasejs/11.3.1/firebase-remote-config.js","messaging":"https://www.gstatic.com/firebasejs/11.3.1/firebase-messaging.js","messaging/sw":"https://www.gstatic.com/firebasejs/11.3.1/firebase-messaging/sw.js","database":"https://www.gstatic.com/firebasejs/11.3.1/firebase-database.js","vertexai":"https://www.gstatic.com/firebasejs/11.3.1/firebase-vertexai.js","data-connect":"https://www.gstatic.com/firebasejs/11.3.1/firebase-data-connect.js","firestore.memory":"https://www.gstatic.com/firebasejs/11.3.1/firebase-firestore.memory.js"}}
[info] i  Skipping write of public/index.html 
[info] 
[info] i  Detected a .git folder at /Users/emperor/Desktop/Abubakr/LandingPage/landing-page 
[info] i  Authorizing with GitHub to upload your service account to a GitHub repository's secrets store. 
[info] 
[info] Visit this URL on this device to log in:
[info] https://github.com/login/oauth/authorize?client_id=89cf50f02ac6aaed3484&state=753678436&redirect_uri=http%3A%2F%2Flocalhost%3A9005&scope=read%3Auser%20repo%20public_repo
[info] 
[info] Waiting for authentication...
[debug] [2025-02-14T19:45:40.187Z] >>> [apiv2][query] POST https://github.com/login/oauth/access_token [none]
[debug] [2025-02-14T19:45:40.188Z] >>> [apiv2][body] POST https://github.com/login/oauth/access_token [stream]
[debug] [2025-02-14T19:45:40.366Z] <<< [apiv2][status] POST https://github.com/login/oauth/access_token 200
[debug] [2025-02-14T19:45:40.366Z] <<< [apiv2][body] POST https://github.com/login/oauth/access_token {"access_token":"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","token_type":"bearer","scope":"read:user,repo"}
[debug] [2025-02-14T19:45:40.369Z] >>> [apiv2][query] GET https://api.github.com/user [none]
[debug] [2025-02-14T19:45:40.573Z] <<< [apiv2][status] GET https://api.github.com/user 200
[debug] [2025-02-14T19:45:40.573Z] <<< [apiv2][body] GET https://api.github.com/user {"login":"Aimolik","id":15700417,"node_id":"MDQ6VXNlcjE1NzAwNDE3","avatar_url":"https://avatars.githubusercontent.com/u/15700417?v=4","gravatar_id":"","url":"https://api.github.com/users/Aimolik","html_url":"https://github.com/Aimolik","followers_url":"https://api.github.com/users/Aimolik/followers","following_url":"https://api.github.com/users/Aimolik/following{/other_user}","gists_url":"https://api.github.com/users/Aimolik/gists{/gist_id}","starred_url":"https://api.github.com/users/Aimolik/starred{/owner}{/repo}","subscriptions_url":"https://api.github.com/users/Aimolik/subscriptions","organizations_url":"https://api.github.com/users/Aimolik/orgs","repos_url":"https://api.github.com/users/Aimolik/repos","events_url":"https://api.github.com/users/Aimolik/events{/privacy}","received_events_url":"https://api.github.com/users/Aimolik/received_events","type":"User","user_view_type":"private","site_admin":false,"name":"Malik Mo","company":null,"blog":"","location":null,"email":null,"hireable":null,"bio":null,"twitter_username":null,"notification_email":null,"public_repos":4,"public_gists":0,"followers":3,"following":1,"created_at":"2015-11-07T06:23:03Z","updated_at":"2025-01-21T16:17:27Z","private_gists":0,"total_private_repos":3,"owned_private_repos":3,"disk_usage":182633,"collaborators":1,"two_factor_authentication":false,"plan":{"name":"free","space":976562499,"collaborators":0,"private_repos":10000}}
[info] 
[info] ✔  Success! Logged into GitHub as Aimolik 
[info] 
